Unity Editor version:    2021.3.17f1 (3e8111cac19d)
Branch:                  2021.3/release
Build type:              Release
Batch mode:              YES
macOS version:           Version 14.1.2 (Build 23B92)
Darwin version:          23.1.0
Architecture:            arm64
Running under Rosetta:   NO
Available memory:        16384 MB
Using pre-set license
Pro License: YES

COMMAND LINE ARGUMENTS:
/Applications/Unity/Hub/Editor/2021.3.17f1/Unity.app/Contents/MacOS/Unity
-adb2
-batchMode
-noUpm
-name
AssetImportWorker0
-projectPath
/Users/metehancelebi/Desktop/SourceTreeMainFolder/FirstPlatformGame/firstPlatformGame
-logFile
Logs/AssetImportWorker0.log
-srvPort
57425
Successfully changed project path to: /Users/metehancelebi/Desktop/SourceTreeMainFolder/FirstPlatformGame/firstPlatformGame
/Users/metehancelebi/Desktop/SourceTreeMainFolder/FirstPlatformGame/firstPlatformGame
[UnityMemory] Configuration Parameters - Can be set up in boot.config
    "memorysetup-bucket-allocator-granularity=16"
    "memorysetup-bucket-allocator-bucket-count=8"
    "memorysetup-bucket-allocator-block-size=33554432"
    "memorysetup-bucket-allocator-block-count=8"
    "memorysetup-main-allocator-block-size=16777216"
    "memorysetup-thread-allocator-block-size=16777216"
    "memorysetup-gfx-main-allocator-block-size=16777216"
    "memorysetup-gfx-thread-allocator-block-size=16777216"
    "memorysetup-cache-allocator-block-size=4194304"
    "memorysetup-typetree-allocator-block-size=2097152"
    "memorysetup-profiler-bucket-allocator-granularity=16"
    "memorysetup-profiler-bucket-allocator-bucket-count=8"
    "memorysetup-profiler-bucket-allocator-block-size=33554432"
    "memorysetup-profiler-bucket-allocator-block-count=8"
    "memorysetup-profiler-allocator-block-size=16777216"
    "memorysetup-profiler-editor-allocator-block-size=1048576"
    "memorysetup-temp-allocator-size-main=16777216"
    "memorysetup-job-temp-allocator-block-size=2097152"
    "memorysetup-job-temp-allocator-block-size-background=1048576"
    "memorysetup-job-temp-allocator-reduction-small-platforms=262144"
    "memorysetup-temp-allocator-size-background-worker=32768"
    "memorysetup-temp-allocator-size-job-worker=262144"
    "memorysetup-temp-allocator-size-preload-manager=33554432"
    "memorysetup-temp-allocator-size-nav-mesh-worker=65536"
    "memorysetup-temp-allocator-size-audio-worker=65536"
    "memorysetup-temp-allocator-size-cloud-worker=32768"
    "memorysetup-temp-allocator-size-gi-baking-worker=262144"
    "memorysetup-temp-allocator-size-gfx=262144"
Player connection [7902813888] Host "[IP] 192.168.1.101 [Port] 0 [Flags] 2 [Guid] 1581347388 [EditorId] 1581347388 [Version] 1048832 [Id] OSXEditor(0,Metehan-MacBook-Pro.local) [Debug] 1 [PackageName] OSXEditor [ProjectName] Editor" joined multi-casting on [225.0.0.222:54997]...

Player connection [7902813888] Host "[IP] 192.168.1.101 [Port] 0 [Flags] 2 [Guid] 1581347388 [EditorId] 1581347388 [Version] 1048832 [Id] OSXEditor(0,Metehan-MacBook-Pro.local) [Debug] 1 [PackageName] OSXEditor [ProjectName] Editor" joined alternative multi-casting on [225.0.0.222:34997]...

Refreshing native plugins compatible for Editor in 80.06 ms, found 2 plugins.
Preloading 0 native plugins for Editor in 0.00 ms.
Initialize engine version: 2021.3.17f1 (3e8111cac19d)
[Subsystems] Discovering subsystems at path /Applications/Unity/Hub/Editor/2021.3.17f1/Unity.app/Contents/Resources/UnitySubsystems
[Subsystems] Discovering subsystems at path /Users/metehancelebi/Desktop/SourceTreeMainFolder/FirstPlatformGame/firstPlatformGame/Assets
GfxDevice: creating device client; threaded=0; jobified=0
 preferred device: Apple M1 (high power)
Metal devices available: 1
0: Apple M1 (high power)
Using device Apple M1 (high power)
Initializing Metal device caps: Apple M1
Initialize mono
Mono path[0] = '/Applications/Unity/Hub/Editor/2021.3.17f1/Unity.app/Contents/Managed'
Mono path[1] = '/Applications/Unity/Hub/Editor/2021.3.17f1/Unity.app/Contents/MonoBleedingEdge/lib/mono/unityjit-macos'
Mono config path = '/Applications/Unity/Hub/Editor/2021.3.17f1/Unity.app/Contents/MonoBleedingEdge/etc'
Using monoOptions --debugger-agent=transport=dt_socket,embedding=1,server=y,suspend=n,address=127.0.0.1:56408
Begin MonoManager ReloadAssembly
Registering precompiled unity dll's ...
Register platform support module: /Applications/Unity/Hub/Editor/2021.3.17f1/Unity.app/Contents/PlaybackEngines/MacStandaloneSupport/UnityEditor.OSXStandalone.Extensions.dll
Register platform support module: /Applications/Unity/Hub/Editor/2021.3.17f1/PlaybackEngines/AndroidPlayer/UnityEditor.Android.Extensions.dll
Register platform support module: /Applications/Unity/Hub/Editor/2021.3.17f1/PlaybackEngines/iOSSupport/UnityEditor.iOS.Extensions.dll
Registered in 0.002126 seconds.
[usbmuxd] Start listen thread
[usbmuxd] Listen thread started
[usbmuxd] Send listen message
Native extension for iOS target not found
Native extension for Android target not found
Android Extension - Scanning For ADB Devices 117 ms
Native extension for OSXStandalone target not found
Refreshing native plugins compatible for Editor in 81.57 ms, found 2 plugins.
Preloading 0 native plugins for Editor in 0.00 ms.
Mono: successfully reloaded assembly
- Completed reload, in  0.822 seconds
Domain Reload Profiling:
	ReloadAssembly (823ms)
		BeginReloadAssembly (76ms)
			ExecutionOrderSort (0ms)
			DisableScriptedObjects (0ms)
			BackupInstance (0ms)
			ReleaseScriptingObjects (0ms)
			CreateAndSetChildDomain (1ms)
		EndReloadAssembly (646ms)
			LoadAssemblies (78ms)
			RebuildTransferFunctionScriptingTraits (0ms)
			SetupTypeCache (110ms)
			ReleaseScriptCaches (0ms)
			RebuildScriptCaches (31ms)
			SetupLoadedEditorAssemblies (462ms)
				LogAssemblyErrors (0ms)
				InitializePlatformSupportModulesInManaged (254ms)
				SetLoadedEditorAssemblies (0ms)
				RefreshPlugins (82ms)
				BeforeProcessingInitializeOnLoad (1ms)
				ProcessInitializeOnLoadAttributes (83ms)
				ProcessInitializeOnLoadMethodAttributes (42ms)
				AfterProcessingInitializeOnLoad (0ms)
				EditorAssembliesLoaded (0ms)
			ExecutionOrderSort2 (0ms)
			AwakeInstancesAfterBackupRestoration (0ms)
Platform modules already initialized, skipping
Registering precompiled user dll's ...
Registered in 0.002826 seconds.
Begin MonoManager ReloadAssembly
Symbol file LoadedFromMemory doesn't match image /Users/metehancelebi/Desktop/SourceTreeMainFolder/FirstPlatformGame/firstPlatformGame/Library/PackageCache/com.unity.visualscripting@1.7.6/Editor/VisualScripting.Core/Dependencies/YamlDotNet/Unity.VisualScripting.YamlDotNet.dll
Symbol file LoadedFromMemory doesn't match image /Users/metehancelebi/Desktop/SourceTreeMainFolder/FirstPlatformGame/firstPlatformGame/Library/PackageCache/com.unity.visualscripting@1.7.6/Editor/VisualScripting.Core/Dependencies/DotNetZip/Unity.VisualScripting.IonicZip.dll
Native extension for iOS target not found
Native extension for Android target not found
Native extension for OSXStandalone target not found
Refreshing native plugins compatible for Editor in 1.21 ms, found 2 plugins.
Preloading 0 native plugins for Editor in 0.00 ms.
Mono: successfully reloaded assembly
- Completed reload, in  1.273 seconds
Domain Reload Profiling:
	ReloadAssembly (1275ms)
		BeginReloadAssembly (170ms)
			ExecutionOrderSort (0ms)
			DisableScriptedObjects (11ms)
			BackupInstance (0ms)
			ReleaseScriptingObjects (0ms)
			CreateAndSetChildDomain (55ms)
		EndReloadAssembly (916ms)
			LoadAssemblies (73ms)
			RebuildTransferFunctionScriptingTraits (0ms)
			SetupTypeCache (280ms)
			ReleaseScriptCaches (1ms)
			RebuildScriptCaches (58ms)
			SetupLoadedEditorAssemblies (380ms)
				LogAssemblyErrors (0ms)
				InitializePlatformSupportModulesInManaged (57ms)
				SetLoadedEditorAssemblies (1ms)
				RefreshPlugins (1ms)
				BeforeProcessingInitializeOnLoad (148ms)
				ProcessInitializeOnLoadAttributes (140ms)
				ProcessInitializeOnLoadMethodAttributes (32ms)
				AfterProcessingInitializeOnLoad (2ms)
				EditorAssembliesLoaded (0ms)
			ExecutionOrderSort2 (0ms)
			AwakeInstancesAfterBackupRestoration (5ms)
Platform modules already initialized, skipping
========================================================================
Worker process is ready to serve import requests
Launching external process: /Applications/Unity/Hub/Editor/2021.3.17f1/Unity.app/Contents/Tools/UnityShaderCompiler
Launched and connected shader compiler UnityShaderCompiler after 0.15 seconds
Refreshing native plugins compatible for Editor in 0.88 ms, found 2 plugins.
Preloading 0 native plugins for Editor in 0.00 ms.
Unloading 3497 Unused Serialized files (Serialized files now loaded: 0)
Unloading 33 unused Assets / (168.5 KB). Loaded Objects now: 3939.
Memory consumption went from 111.9 MB to 111.7 MB.
Total: 5.412917 ms (FindLiveObjects: 0.247292 ms CreateObjectMapping: 0.121250 ms MarkObjects: 4.946375 ms  DeleteObjects: 0.096625 ms)

AssetImportParameters requested are different than current active one (requested -> active):
  custom:video-decoder-ogg-theora: a1e56fd34408186e4bbccfd4996cb3dc -> 
  custom:container-muxer-webm: aa71ff27fc2769a1b78a27578f13a17b -> 
  custom:container-demuxer-webm: 4f35f7cbe854078d1ac9338744f61a02 -> 
  custom:video-encoder-webm-vp8: eb34c28f22e8b96e1ab97ce403110664 -> 
  custom:framework-osx-AVFoundation: e770b220cccbd017edd2c1fefb359320 -> 
  custom:audio-encoder-webm-vorbis: bf7c407c2cedff20999df2af8eb42d56 -> 
  custom:container-demuxer-ogg: 62fdf1f143b41e24485cea50d1cbac27 -> 
  custom:video-decoder-webm-vp8: 9c59270c3fd7afecdb556c50c9e8de78 -> 
  custom:audio-decoder-ogg-vorbis: bf7c407c2cedff20999df2af8eb42d56 -> 
========================================================================
Received Import Request.
  Time since last request: 166510.529504 seconds.
  path: Assets/Readme.asset
  artifactKey: Guid(7f2c382dc2c22446db59030979f6e495) Importer(815301076,1909f56bfc062723c751e8b465ee728b)
Start importing Assets/Readme.asset using Guid(7f2c382dc2c22446db59030979f6e495) Importer(815301076,1909f56bfc062723c751e8b465ee728b)  -> (artifact id: '9990f39c3de691f85cda2915bc54e9c4') in 0.130304 seconds 
========================================================================
Received Prepare
Registering precompiled user dll's ...
Registered in 0.004980 seconds.
Begin MonoManager ReloadAssembly
Thread 0x284d8f000 may have been prematurely finalized
Symbol file LoadedFromMemory doesn't match image /Users/metehancelebi/Desktop/SourceTreeMainFolder/FirstPlatformGame/firstPlatformGame/Library/PackageCache/com.unity.visualscripting@1.8.0/Editor/VisualScripting.Core/Dependencies/YamlDotNet/Unity.VisualScripting.YamlDotNet.dll
Symbol file LoadedFromMemory doesn't match image /Users/metehancelebi/Desktop/SourceTreeMainFolder/FirstPlatformGame/firstPlatformGame/Library/PackageCache/com.unity.visualscripting@1.8.0/Editor/VisualScripting.Core/Dependencies/DotNetZip/Unity.VisualScripting.IonicZip.dll
Native extension for iOS target not found
Native extension for Android target not found
Native extension for OSXStandalone target not found
Refreshing native plugins compatible for Editor in 0.88 ms, found 2 plugins.
Preloading 0 native plugins for Editor in 0.00 ms.
Mono: successfully reloaded assembly
Package Manager log level set to [2]
- Completed reload, in  1.338 seconds
Domain Reload Profiling:
	ReloadAssembly (1340ms)
		BeginReloadAssembly (169ms)
			ExecutionOrderSort (0ms)
			DisableScriptedObjects (12ms)
			BackupInstance (0ms)
			ReleaseScriptingObjects (0ms)
			CreateAndSetChildDomain (60ms)
		EndReloadAssembly (1012ms)
			LoadAssemblies (89ms)
			RebuildTransferFunctionScriptingTraits (0ms)
			SetupTypeCache (353ms)
			ReleaseScriptCaches (0ms)
			RebuildScriptCaches (56ms)
			SetupLoadedEditorAssemblies (431ms)
				LogAssemblyErrors (0ms)
				InitializePlatformSupportModulesInManaged (33ms)
				SetLoadedEditorAssemblies (1ms)
				RefreshPlugins (1ms)
				BeforeProcessingInitializeOnLoad (84ms)
				ProcessInitializeOnLoadAttributes (276ms)
				ProcessInitializeOnLoadMethodAttributes (35ms)
				AfterProcessingInitializeOnLoad (1ms)
				EditorAssembliesLoaded (0ms)
			ExecutionOrderSort2 (0ms)
			AwakeInstancesAfterBackupRestoration (5ms)
Platform modules already initialized, skipping
Refreshing native plugins compatible for Editor in 1.84 ms, found 2 plugins.
Preloading 0 native plugins for Editor in 0.00 ms.
Unloading 3484 Unused Serialized files (Serialized files now loaded: 0)
Unloading 32 unused Assets / (21.9 KB). Loaded Objects now: 3983.
Memory consumption went from 117.5 MB to 117.5 MB.
Total: 3.977417 ms (FindLiveObjects: 0.205958 ms CreateObjectMapping: 0.078958 ms MarkObjects: 3.663750 ms  DeleteObjects: 0.027833 ms)

AssetImportParameters requested are different than current active one (requested -> active):
  custom:video-decoder-ogg-theora: a1e56fd34408186e4bbccfd4996cb3dc -> 
  custom:container-muxer-webm: aa71ff27fc2769a1b78a27578f13a17b -> 
  custom:container-demuxer-webm: 4f35f7cbe854078d1ac9338744f61a02 -> 
  custom:video-encoder-webm-vp8: eb34c28f22e8b96e1ab97ce403110664 -> 
  custom:framework-osx-AVFoundation: e770b220cccbd017edd2c1fefb359320 -> 
  custom:audio-encoder-webm-vorbis: bf7c407c2cedff20999df2af8eb42d56 -> 
  custom:container-demuxer-ogg: 62fdf1f143b41e24485cea50d1cbac27 -> 
  custom:video-decoder-webm-vp8: 9c59270c3fd7afecdb556c50c9e8de78 -> 
  custom:audio-decoder-ogg-vorbis: bf7c407c2cedff20999df2af8eb42d56 -> 
========================================================================
Received Prepare
Registering precompiled user dll's ...
Registered in 0.005706 seconds.
Begin MonoManager ReloadAssembly
Thread 0x283b8b000 may have been prematurely finalized
Symbol file LoadedFromMemory doesn't match image /Users/metehancelebi/Desktop/SourceTreeMainFolder/FirstPlatformGame/firstPlatformGame/Library/PackageCache/com.unity.visualscripting@1.8.0/Editor/VisualScripting.Core/Dependencies/YamlDotNet/Unity.VisualScripting.YamlDotNet.dll
Symbol file LoadedFromMemory doesn't match image /Users/metehancelebi/Desktop/SourceTreeMainFolder/FirstPlatformGame/firstPlatformGame/Library/PackageCache/com.unity.visualscripting@1.8.0/Editor/VisualScripting.Core/Dependencies/DotNetZip/Unity.VisualScripting.IonicZip.dll
Native extension for iOS target not found
Native extension for Android target not found
Native extension for OSXStandalone target not found
Refreshing native plugins compatible for Editor in 0.69 ms, found 2 plugins.
Preloading 0 native plugins for Editor in 0.00 ms.
Mono: successfully reloaded assembly
- Completed reload, in  1.267 seconds
Domain Reload Profiling:
	ReloadAssembly (1268ms)
		BeginReloadAssembly (185ms)
			ExecutionOrderSort (0ms)
			DisableScriptedObjects (10ms)
			BackupInstance (0ms)
			ReleaseScriptingObjects (0ms)
			CreateAndSetChildDomain (84ms)
		EndReloadAssembly (905ms)
			LoadAssemblies (77ms)
			RebuildTransferFunctionScriptingTraits (0ms)
			SetupTypeCache (372ms)
			ReleaseScriptCaches (2ms)
			RebuildScriptCaches (68ms)
			SetupLoadedEditorAssemblies (302ms)
				LogAssemblyErrors (0ms)
				InitializePlatformSupportModulesInManaged (45ms)
				SetLoadedEditorAssemblies (0ms)
				RefreshPlugins (1ms)
				BeforeProcessingInitializeOnLoad (66ms)
				ProcessInitializeOnLoadAttributes (170ms)
				ProcessInitializeOnLoadMethodAttributes (20ms)
				AfterProcessingInitializeOnLoad (1ms)
				EditorAssembliesLoaded (0ms)
			ExecutionOrderSort2 (0ms)
			AwakeInstancesAfterBackupRestoration (3ms)
Platform modules already initialized, skipping
Refreshing native plugins compatible for Editor in 1.65 ms, found 2 plugins.
Preloading 0 native plugins for Editor in 0.00 ms.
Unloading 3484 Unused Serialized files (Serialized files now loaded: 0)
Unloading 32 unused Assets / (22.0 KB). Loaded Objects now: 3986.
Memory consumption went from 117.5 MB to 117.5 MB.
Total: 3.454875 ms (FindLiveObjects: 0.175834 ms CreateObjectMapping: 0.079334 ms MarkObjects: 3.173833 ms  DeleteObjects: 0.024875 ms)

AssetImportParameters requested are different than current active one (requested -> active):
  custom:video-decoder-ogg-theora: a1e56fd34408186e4bbccfd4996cb3dc -> 
  custom:container-muxer-webm: aa71ff27fc2769a1b78a27578f13a17b -> 
  custom:container-demuxer-webm: 4f35f7cbe854078d1ac9338744f61a02 -> 
  custom:video-encoder-webm-vp8: eb34c28f22e8b96e1ab97ce403110664 -> 
  custom:framework-osx-AVFoundation: e770b220cccbd017edd2c1fefb359320 -> 
  custom:audio-encoder-webm-vorbis: bf7c407c2cedff20999df2af8eb42d56 -> 
  custom:container-demuxer-ogg: 62fdf1f143b41e24485cea50d1cbac27 -> 
  custom:video-decoder-webm-vp8: 9c59270c3fd7afecdb556c50c9e8de78 -> 
  custom:audio-decoder-ogg-vorbis: bf7c407c2cedff20999df2af8eb42d56 -> 
========================================================================
Received Prepare
Registering precompiled user dll's ...
Registered in 0.004528 seconds.
Begin MonoManager ReloadAssembly
Thread 0x282407000 may have been prematurely finalized
Symbol file LoadedFromMemory doesn't match image /Users/metehancelebi/Desktop/SourceTreeMainFolder/FirstPlatformGame/firstPlatformGame/Library/PackageCache/com.unity.visualscripting@1.8.0/Editor/VisualScripting.Core/Dependencies/YamlDotNet/Unity.VisualScripting.YamlDotNet.dll
Symbol file LoadedFromMemory doesn't match image /Users/metehancelebi/Desktop/SourceTreeMainFolder/FirstPlatformGame/firstPlatformGame/Library/PackageCache/com.unity.visualscripting@1.8.0/Editor/VisualScripting.Core/Dependencies/DotNetZip/Unity.VisualScripting.IonicZip.dll
Native extension for iOS target not found
Native extension for Android target not found
Native extension for OSXStandalone target not found
Refreshing native plugins compatible for Editor in 0.59 ms, found 2 plugins.
Preloading 0 native plugins for Editor in 0.00 ms.
Mono: successfully reloaded assembly
- Completed reload, in  0.904 seconds
Domain Reload Profiling:
	ReloadAssembly (905ms)
		BeginReloadAssembly (138ms)
			ExecutionOrderSort (0ms)
			DisableScriptedObjects (7ms)
			BackupInstance (0ms)
			ReleaseScriptingObjects (0ms)
			CreateAndSetChildDomain (69ms)
		EndReloadAssembly (662ms)
			LoadAssemblies (51ms)
			RebuildTransferFunctionScriptingTraits (0ms)
			SetupTypeCache (238ms)
			ReleaseScriptCaches (1ms)
			RebuildScriptCaches (42ms)
			SetupLoadedEditorAssemblies (263ms)
				LogAssemblyErrors (0ms)
				InitializePlatformSupportModulesInManaged (25ms)
				SetLoadedEditorAssemblies (0ms)
				RefreshPlugins (1ms)
				BeforeProcessingInitializeOnLoad (59ms)
				ProcessInitializeOnLoadAttributes (158ms)
				ProcessInitializeOnLoadMethodAttributes (20ms)
				AfterProcessingInitializeOnLoad (1ms)
				EditorAssembliesLoaded (0ms)
			ExecutionOrderSort2 (0ms)
			AwakeInstancesAfterBackupRestoration (3ms)
Platform modules already initialized, skipping
Refreshing native plugins compatible for Editor in 1.60 ms, found 2 plugins.
Preloading 0 native plugins for Editor in 0.00 ms.
Unloading 3485 Unused Serialized files (Serialized files now loaded: 0)
Unloading 32 unused Assets / (22.9 KB). Loaded Objects now: 3990.
Memory consumption went from 117.6 MB to 117.5 MB.
Total: 3.313041 ms (FindLiveObjects: 0.151459 ms CreateObjectMapping: 0.073459 ms MarkObjects: 3.051291 ms  DeleteObjects: 0.035958 ms)

AssetImportParameters requested are different than current active one (requested -> active):
  custom:video-decoder-ogg-theora: a1e56fd34408186e4bbccfd4996cb3dc -> 
  custom:container-muxer-webm: aa71ff27fc2769a1b78a27578f13a17b -> 
  custom:container-demuxer-webm: 4f35f7cbe854078d1ac9338744f61a02 -> 
  custom:video-encoder-webm-vp8: eb34c28f22e8b96e1ab97ce403110664 -> 
  custom:framework-osx-AVFoundation: e770b220cccbd017edd2c1fefb359320 -> 
  custom:audio-encoder-webm-vorbis: bf7c407c2cedff20999df2af8eb42d56 -> 
  custom:container-demuxer-ogg: 62fdf1f143b41e24485cea50d1cbac27 -> 
  custom:video-decoder-webm-vp8: 9c59270c3fd7afecdb556c50c9e8de78 -> 
  custom:audio-decoder-ogg-vorbis: bf7c407c2cedff20999df2af8eb42d56 -> 
========================================================================
Received Import Request.
  Time since last request: 334.464091 seconds.
  path: Assets/POLY STYLE - Platformer Starter Pack
  artifactKey: Guid(3b216635de9f13d4089e7d00f654c703) Importer(815301076,1909f56bfc062723c751e8b465ee728b)
Start importing Assets/POLY STYLE - Platformer Starter Pack using Guid(3b216635de9f13d4089e7d00f654c703) Importer(815301076,1909f56bfc062723c751e8b465ee728b)  -> (artifact id: '6b3b7be5920fb05f624978bf0a60001e') in 0.006025 seconds 
========================================================================
Received Import Request.
  Time since last request: 64.732476 seconds.
  path: Assets/Platformer  Pack
  artifactKey: Guid(3b216635de9f13d4089e7d00f654c703) Importer(815301076,1909f56bfc062723c751e8b465ee728b)
Start importing Assets/Platformer  Pack using Guid(3b216635de9f13d4089e7d00f654c703) Importer(815301076,1909f56bfc062723c751e8b465ee728b)  -> (artifact id: '8b4aa4ce51c4783a33a360cc764b4fde') in 0.000872 seconds 
========================================================================
Received Prepare
Registering precompiled user dll's ...
Registered in 0.002537 seconds.
Begin MonoManager ReloadAssembly
Thread 0x284d8f000 may have been prematurely finalized
Symbol file LoadedFromMemory doesn't match image /Users/metehancelebi/Desktop/SourceTreeMainFolder/FirstPlatformGame/firstPlatformGame/Library/PackageCache/com.unity.visualscripting@1.8.0/Editor/VisualScripting.Core/Dependencies/YamlDotNet/Unity.VisualScripting.YamlDotNet.dll
Symbol file LoadedFromMemory doesn't match image /Users/metehancelebi/Desktop/SourceTreeMainFolder/FirstPlatformGame/firstPlatformGame/Library/PackageCache/com.unity.visualscripting@1.8.0/Editor/VisualScripting.Core/Dependencies/DotNetZip/Unity.VisualScripting.IonicZip.dll
Native extension for iOS target not found
2024-09-13 12:31:10.113 Unity[12408:1483571] [XcodeApplications] Failed to read NSDictionary from path !X6/Contents/Info.plist
Native extension for Android target not found
Native extension for OSXStandalone target not found
Refreshing native plugins compatible for Editor in 0.63 ms, found 2 plugins.
Preloading 0 native plugins for Editor in 0.00 ms.
Mono: successfully reloaded assembly
- Completed reload, in  1.022 seconds
Domain Reload Profiling:
	ReloadAssembly (1023ms)
		BeginReloadAssembly (141ms)
			ExecutionOrderSort (0ms)
			DisableScriptedObjects (7ms)
			BackupInstance (0ms)
			ReleaseScriptingObjects (0ms)
			CreateAndSetChildDomain (64ms)
		EndReloadAssembly (768ms)
			LoadAssemblies (60ms)
			RebuildTransferFunctionScriptingTraits (0ms)
			SetupTypeCache (250ms)
			ReleaseScriptCaches (1ms)
			RebuildScriptCaches (51ms)
			SetupLoadedEditorAssemblies (330ms)
				LogAssemblyErrors (0ms)
				InitializePlatformSupportModulesInManaged (27ms)
				SetLoadedEditorAssemblies (0ms)
				RefreshPlugins (1ms)
				BeforeProcessingInitializeOnLoad (66ms)
				ProcessInitializeOnLoadAttributes (207ms)
				ProcessInitializeOnLoadMethodAttributes (27ms)
				AfterProcessingInitializeOnLoad (1ms)
				EditorAssembliesLoaded (0ms)
			ExecutionOrderSort2 (0ms)
			AwakeInstancesAfterBackupRestoration (4ms)
Platform modules already initialized, skipping
Refreshing native plugins compatible for Editor in 2.30 ms, found 2 plugins.
Preloading 0 native plugins for Editor in 0.00 ms.
Unloading 3485 Unused Serialized files (Serialized files now loaded: 0)
Unloading 32 unused Assets / (22.0 KB). Loaded Objects now: 3993.
Memory consumption went from 117.6 MB to 117.5 MB.
Total: 3.261166 ms (FindLiveObjects: 0.161583 ms CreateObjectMapping: 0.068125 ms MarkObjects: 3.012583 ms  DeleteObjects: 0.018166 ms)

AssetImportParameters requested are different than current active one (requested -> active):
  custom:video-decoder-ogg-theora: a1e56fd34408186e4bbccfd4996cb3dc -> 
  custom:container-muxer-webm: aa71ff27fc2769a1b78a27578f13a17b -> 
  custom:container-demuxer-webm: 4f35f7cbe854078d1ac9338744f61a02 -> 
  custom:video-encoder-webm-vp8: eb34c28f22e8b96e1ab97ce403110664 -> 
  custom:framework-osx-AVFoundation: e770b220cccbd017edd2c1fefb359320 -> 
  custom:audio-encoder-webm-vorbis: bf7c407c2cedff20999df2af8eb42d56 -> 
  custom:container-demuxer-ogg: 62fdf1f143b41e24485cea50d1cbac27 -> 
  custom:video-decoder-webm-vp8: 9c59270c3fd7afecdb556c50c9e8de78 -> 
  custom:audio-decoder-ogg-vorbis: bf7c407c2cedff20999df2af8eb42d56 -> 
========================================================================
Received Import Request.
  Time since last request: 12.502209 seconds.
  path: Assets/Platformer  Pack/Platformer Starter Pack_Standard.unitypackage
  artifactKey: Guid(0049abd2a4dddff4eb9cedc78b951818) Importer(815301076,1909f56bfc062723c751e8b465ee728b)
Start importing Assets/Platformer  Pack/Platformer Starter Pack_Standard.unitypackage using Guid(0049abd2a4dddff4eb9cedc78b951818) Importer(815301076,1909f56bfc062723c751e8b465ee728b)  -> (artifact id: '8f33c52583013d2cee2ad5656266092f') in 0.034320 seconds 
========================================================================
Received Import Request.
  Time since last request: 8.150271 seconds.
  path: Assets/Platformer  Pack/Platformer Starter Pack_URP/Prefabs/DemoScene/DemoScene.prefab
  artifactKey: Guid(74e8e1c76d258bc4c9f071738ea495aa) Importer(815301076,1909f56bfc062723c751e8b465ee728b)
Start importing Assets/Platformer  Pack/Platformer Starter Pack_URP/Prefabs/DemoScene/DemoScene.prefab using Guid(74e8e1c76d258bc4c9f071738ea495aa) Importer(815301076,1909f56bfc062723c751e8b465ee728b)  -> (artifact id: 'd103e2f102f4a0c44ba928f0d6ff846f') in 0.198409 seconds 
========================================================================
Received Import Request.
  Time since last request: 16.027669 seconds.
  path: Assets/Platformer  Pack/Platformer Starter Pack_URP/Prefabs
  artifactKey: Guid(fba63d9ffc5030f42b8c80155ee9e1d9) Importer(815301076,1909f56bfc062723c751e8b465ee728b)
Start importing Assets/Platformer  Pack/Platformer Starter Pack_URP/Prefabs using Guid(fba63d9ffc5030f42b8c80155ee9e1d9) Importer(815301076,1909f56bfc062723c751e8b465ee728b)  -> (artifact id: '4777f0a1bbf139fb5f399697acd7d5bd') in 0.001291 seconds 
========================================================================
Received Import Request.
  Time since last request: 22.249248 seconds.
  path: Assets/Platformer  Pack/Platformer Starter Pack_URP/Prefabs/DemoScene
  artifactKey: Guid(e1dffa31a3a1e9440bb3cc1995515268) Importer(815301076,1909f56bfc062723c751e8b465ee728b)
Start importing Assets/Platformer  Pack/Platformer Starter Pack_URP/Prefabs/DemoScene using Guid(e1dffa31a3a1e9440bb3cc1995515268) Importer(815301076,1909f56bfc062723c751e8b465ee728b)  -> (artifact id: 'd2975c188c4af5e2916a73443d1b058d') in 0.001690 seconds 
========================================================================
Received Import Request.
  Time since last request: 0.620081 seconds.
  path: Assets/Platformer  Pack/Platformer Starter Pack_URP/Art
  artifactKey: Guid(679bbe32338fbe8418aa52d1eb89c1b3) Importer(815301076,1909f56bfc062723c751e8b465ee728b)
Start importing Assets/Platformer  Pack/Platformer Starter Pack_URP/Art using Guid(679bbe32338fbe8418aa52d1eb89c1b3) Importer(815301076,1909f56bfc062723c751e8b465ee728b)  -> (artifact id: '5a0af724706bab82230b5da048c1d783') in 0.001013 seconds 
========================================================================
Received Import Request.
  Time since last request: 3.323904 seconds.
  path: Assets/Platformer  Pack/Platformer Starter Pack_URP/Prefabs/Environments/Bridge_A.prefab
  artifactKey: Guid(8e0a147d9af72a949bc3c30dff6603d6) Importer(815301076,1909f56bfc062723c751e8b465ee728b)
Start importing Assets/Platformer  Pack/Platformer Starter Pack_URP/Prefabs/Environments/Bridge_A.prefab using Guid(8e0a147d9af72a949bc3c30dff6603d6) Importer(815301076,1909f56bfc062723c751e8b465ee728b)  -> (artifact id: '0506695c5c140edc09ec66eff8401603') in 0.013702 seconds 
========================================================================
Received Import Request.
  Time since last request: 20.241971 seconds.
  path: Assets/Platformer  Pack/Platformer Starter Pack_URP/Prefabs/Environments/Bridge_B.prefab
  artifactKey: Guid(186a8d9264fb5ee4bb4b0b5a4af78407) Importer(815301076,1909f56bfc062723c751e8b465ee728b)
Start importing Assets/Platformer  Pack/Platformer Starter Pack_URP/Prefabs/Environments/Bridge_B.prefab using Guid(186a8d9264fb5ee4bb4b0b5a4af78407) Importer(815301076,1909f56bfc062723c751e8b465ee728b)  -> (artifact id: '10e602298e09c35c7ab3e5eb1c2856d8') in 0.009227 seconds 
========================================================================
Received Import Request.
  Time since last request: 71.086112 seconds.
  path: Assets/Platformer  Pack/Platformer Starter Pack_URP/Prefabs/Environments/Ground_B1.prefab
  artifactKey: Guid(efbe4c2311392ab44bbbcb00005f5693) Importer(815301076,1909f56bfc062723c751e8b465ee728b)
Start importing Assets/Platformer  Pack/Platformer Starter Pack_URP/Prefabs/Environments/Ground_B1.prefab using Guid(efbe4c2311392ab44bbbcb00005f5693) Importer(815301076,1909f56bfc062723c751e8b465ee728b)  -> (artifact id: '1ade1129613d6f38158fe0100de304ad') in 0.012806 seconds 
========================================================================
Received Import Request.
  Time since last request: 0.535714 seconds.
  path: Assets/Platformer  Pack/Platformer Starter Pack_URP/Prefabs/Environments/Ground_E1.prefab
  artifactKey: Guid(f09d76e28c315d442b4a6f6bc6ff9689) Importer(815301076,1909f56bfc062723c751e8b465ee728b)
Start importing Assets/Platformer  Pack/Platformer Starter Pack_URP/Prefabs/Environments/Ground_E1.prefab using Guid(f09d76e28c315d442b4a6f6bc6ff9689) Importer(815301076,1909f56bfc062723c751e8b465ee728b)  -> (artifact id: 'e34ff6e8f25afe7f42c519cf13a017f4') in 0.008830 seconds 
========================================================================
Received Import Request.
  Time since last request: 75.009957 seconds.
  path: Assets/Platformer  Pack/Platformer Starter Pack_URP/Prefabs/Environments
  artifactKey: Guid(79032e343aa0fc44e9b0b45b017c3c58) Importer(815301076,1909f56bfc062723c751e8b465ee728b)
Start importing Assets/Platformer  Pack/Platformer Starter Pack_URP/Prefabs/Environments using Guid(79032e343aa0fc44e9b0b45b017c3c58) Importer(815301076,1909f56bfc062723c751e8b465ee728b)  -> (artifact id: '44e8aa3fb53df5097e59b7cd2ceb92f6') in 0.001226 seconds 
========================================================================
Received Import Request.
  Time since last request: 67.980686 seconds.
  path: Assets/Platformer  Pack/Platformer Starter Pack_URP/Scene/DemoScene
  artifactKey: Guid(03dce3267b3ec6d45b82fc102ee7dba7) Importer(815301076,1909f56bfc062723c751e8b465ee728b)
Start importing Assets/Platformer  Pack/Platformer Starter Pack_URP/Scene/DemoScene using Guid(03dce3267b3ec6d45b82fc102ee7dba7) Importer(815301076,1909f56bfc062723c751e8b465ee728b)  -> (artifact id: 'a7bd15729e884001b8c496f5cdbfab8f') in 0.001423 seconds 
========================================================================
Received Import Request.
  Time since last request: 9.358794 seconds.
  path: Assets/Platformer  Pack/Platformer Starter Pack_URP/Scene/DemoScene.unity
  artifactKey: Guid(c5f4a9658803981469ebe90da3bd7fbf) Importer(815301076,1909f56bfc062723c751e8b465ee728b)
Start importing Assets/Platformer  Pack/Platformer Starter Pack_URP/Scene/DemoScene.unity using Guid(c5f4a9658803981469ebe90da3bd7fbf) Importer(815301076,1909f56bfc062723c751e8b465ee728b)  -> (artifact id: '838f7633f8950f7ab18cfa95c2917808') in 0.001016 seconds 
========================================================================
Received Prepare
Registering precompiled user dll's ...
Registered in 0.002175 seconds.
Begin MonoManager ReloadAssembly
Thread 0x17ffc7000 may have been prematurely finalized
Symbol file LoadedFromMemory doesn't match image /Users/metehancelebi/Desktop/SourceTreeMainFolder/FirstPlatformGame/firstPlatformGame/Library/PackageCache/com.unity.visualscripting@1.8.0/Editor/VisualScripting.Core/Dependencies/YamlDotNet/Unity.VisualScripting.YamlDotNet.dll
Symbol file LoadedFromMemory doesn't match image /Users/metehancelebi/Desktop/SourceTreeMainFolder/FirstPlatformGame/firstPlatformGame/Library/PackageCache/com.unity.visualscripting@1.8.0/Editor/VisualScripting.Core/Dependencies/DotNetZip/Unity.VisualScripting.IonicZip.dll
Native extension for iOS target not found
Native extension for Android target not found
Native extension for OSXStandalone target not found
Refreshing native plugins compatible for Editor in 0.95 ms, found 2 plugins.
Preloading 0 native plugins for Editor in 0.00 ms.
Mono: successfully reloaded assembly
- Completed reload, in  1.431 seconds
Domain Reload Profiling:
	ReloadAssembly (1432ms)
		BeginReloadAssembly (126ms)
			ExecutionOrderSort (0ms)
			DisableScriptedObjects (5ms)
			BackupInstance (0ms)
			ReleaseScriptingObjects (0ms)
			CreateAndSetChildDomain (58ms)
		EndReloadAssembly (1206ms)
			LoadAssemblies (55ms)
			RebuildTransferFunctionScriptingTraits (0ms)
			SetupTypeCache (450ms)
			ReleaseScriptCaches (2ms)
			RebuildScriptCaches (68ms)
			SetupLoadedEditorAssemblies (493ms)
				LogAssemblyErrors (0ms)
				InitializePlatformSupportModulesInManaged (44ms)
				SetLoadedEditorAssemblies (1ms)
				RefreshPlugins (1ms)
				BeforeProcessingInitializeOnLoad (122ms)
				ProcessInitializeOnLoadAttributes (293ms)
				ProcessInitializeOnLoadMethodAttributes (30ms)
				AfterProcessingInitializeOnLoad (1ms)
				EditorAssembliesLoaded (0ms)
			ExecutionOrderSort2 (0ms)
			AwakeInstancesAfterBackupRestoration (5ms)
Platform modules already initialized, skipping
Refreshing native plugins compatible for Editor in 1.61 ms, found 2 plugins.
Preloading 0 native plugins for Editor in 0.00 ms.
Unloading 3485 Unused Serialized files (Serialized files now loaded: 0)
Unloading 32 unused Assets / (23.0 KB). Loaded Objects now: 4004.
Memory consumption went from 124.5 MB to 124.5 MB.
Total: 3.305750 ms (FindLiveObjects: 0.156167 ms CreateObjectMapping: 0.065542 ms MarkObjects: 3.058834 ms  DeleteObjects: 0.024375 ms)

AssetImportParameters requested are different than current active one (requested -> active):
  custom:video-decoder-ogg-theora: a1e56fd34408186e4bbccfd4996cb3dc -> 
  custom:container-muxer-webm: aa71ff27fc2769a1b78a27578f13a17b -> 
  custom:container-demuxer-webm: 4f35f7cbe854078d1ac9338744f61a02 -> 
  custom:video-encoder-webm-vp8: eb34c28f22e8b96e1ab97ce403110664 -> 
  custom:framework-osx-AVFoundation: e770b220cccbd017edd2c1fefb359320 -> 
  custom:audio-encoder-webm-vorbis: bf7c407c2cedff20999df2af8eb42d56 -> 
  custom:container-demuxer-ogg: 62fdf1f143b41e24485cea50d1cbac27 -> 
  custom:video-decoder-webm-vp8: 9c59270c3fd7afecdb556c50c9e8de78 -> 
  custom:audio-decoder-ogg-vorbis: bf7c407c2cedff20999df2af8eb42d56 -> 
========================================================================
Received Import Request.
  Time since last request: 246.199634 seconds.
  path: Assets/Platformer  Pack/Platformer Starter Pack_URP/Prefabs/Environments/Bridge_A.prefab
  artifactKey: Guid(8e0a147d9af72a949bc3c30dff6603d6) Importer(815301076,1909f56bfc062723c751e8b465ee728b)
Start importing Assets/Platformer  Pack/Platformer Starter Pack_URP/Prefabs/Environments/Bridge_A.prefab using Guid(8e0a147d9af72a949bc3c30dff6603d6) Importer(815301076,1909f56bfc062723c751e8b465ee728b)  -> (artifact id: '347e6570f0a510c9606d719f2069b983') in 0.124399 seconds 
========================================================================
Received Import Request.
  Time since last request: 871.813213 seconds.
  path: Assets/Platformer  Pack/Platformer Starter Pack_URP/Art/Materials/Environments
  artifactKey: Guid(aa50052c471ecdb43970d0115bb3a704) Importer(815301076,1909f56bfc062723c751e8b465ee728b)
Start importing Assets/Platformer  Pack/Platformer Starter Pack_URP/Art/Materials/Environments using Guid(aa50052c471ecdb43970d0115bb3a704) Importer(815301076,1909f56bfc062723c751e8b465ee728b)  -> (artifact id: '90815f79da561fa8d55752a1c3cb27cc') in 0.002011 seconds 
========================================================================
Received Import Request.
  Time since last request: 54.827260 seconds.
  path: Assets/Platformer  Pack/Platformer Starter Pack_URP/Art/Textures/Tree-3.png
  artifactKey: Guid(5037bd3ff9093da4f81bb8f690104168) Importer(815301076,1909f56bfc062723c751e8b465ee728b)
Start importing Assets/Platformer  Pack/Platformer Starter Pack_URP/Art/Textures/Tree-3.png using Guid(5037bd3ff9093da4f81bb8f690104168) Importer(815301076,1909f56bfc062723c751e8b465ee728b)  -> (artifact id: '2ee67a5cb625872015edac7ccd8ef6c5') in 0.464558 seconds 
========================================================================
Received Import Request.
  Time since last request: 6.579779 seconds.
  path: Assets/Platformer  Pack/Platformer Starter Pack_URP/Art/Meshes/Environments/Meshes.fbx
  artifactKey: Guid(32812f864ffc68f45aa97b19014b7867) Importer(815301076,1909f56bfc062723c751e8b465ee728b)
Start importing Assets/Platformer  Pack/Platformer Starter Pack_URP/Art/Meshes/Environments/Meshes.fbx using Guid(32812f864ffc68f45aa97b19014b7867) Importer(815301076,1909f56bfc062723c751e8b465ee728b)  -> (artifact id: '27b66532aaa8c27433fb30652b5f60e6') in 0.829026 seconds 
========================================================================
Received Import Request.
  Time since last request: 4.893941 seconds.
  path: Assets/Platformer  Pack/Platformer Starter Pack_URP/Art/Textures/Mask.png
  artifactKey: Guid(660609ae00fb200499331d08c1bdba65) Importer(815301076,1909f56bfc062723c751e8b465ee728b)
Start importing Assets/Platformer  Pack/Platformer Starter Pack_URP/Art/Textures/Mask.png using Guid(660609ae00fb200499331d08c1bdba65) Importer(815301076,1909f56bfc062723c751e8b465ee728b)  -> (artifact id: 'da1959d096e0f6a838f6de30029f1cbe') in 0.006376 seconds 
========================================================================
Received Import Request.
  Time since last request: 12.461634 seconds.
  path: Assets/Platformer  Pack/Platformer Starter Pack_URP/Art/Textures/SkyColor.png
  artifactKey: Guid(0b045f30bfc32464780c25865b113dfd) Importer(815301076,1909f56bfc062723c751e8b465ee728b)
Start importing Assets/Platformer  Pack/Platformer Starter Pack_URP/Art/Textures/SkyColor.png using Guid(0b045f30bfc32464780c25865b113dfd) Importer(815301076,1909f56bfc062723c751e8b465ee728b)  -> (artifact id: '46277ee9d670d09b864562da8e7ad3e6') in 0.006729 seconds 
========================================================================
Received Import Request.
  Time since last request: 94.955815 seconds.
  path: Assets/Platformer  Pack/Platformer Starter Pack_URP/Prefabs/Environments/Bridge_A.prefab
  artifactKey: Guid(8e0a147d9af72a949bc3c30dff6603d6) Importer(815301076,1909f56bfc062723c751e8b465ee728b)
Start importing Assets/Platformer  Pack/Platformer Starter Pack_URP/Prefabs/Environments/Bridge_A.prefab using Guid(8e0a147d9af72a949bc3c30dff6603d6) Importer(815301076,1909f56bfc062723c751e8b465ee728b)  -> (artifact id: '93b213cc07a96ac798b86a5a62e97234') in 0.403884 seconds 
========================================================================
Received Import Request.
  Time since last request: 3.509433 seconds.
  path: Assets/Platformer  Pack/Platformer Starter Pack_URP/Prefabs/Environments/Ground_G1.prefab
  artifactKey: Guid(4caec93c49ab5b34593a7cdc71d23e05) Importer(815301076,1909f56bfc062723c751e8b465ee728b)
Start importing Assets/Platformer  Pack/Platformer Starter Pack_URP/Prefabs/Environments/Ground_G1.prefab using Guid(4caec93c49ab5b34593a7cdc71d23e05) Importer(815301076,1909f56bfc062723c751e8b465ee728b)  -> (artifact id: 'bb1e26b8bd6273d6029a743d8d410376') in 0.009615 seconds 
========================================================================
Received Import Request.
  Time since last request: 38.483337 seconds.
  path: Assets/Platformer  Pack/Platformer Starter Pack_URP/Prefabs/Environments/Ground_G2.prefab
  artifactKey: Guid(cb219fb371521054188c0bae8153e9cd) Importer(815301076,1909f56bfc062723c751e8b465ee728b)
Start importing Assets/Platformer  Pack/Platformer Starter Pack_URP/Prefabs/Environments/Ground_G2.prefab using Guid(cb219fb371521054188c0bae8153e9cd) Importer(815301076,1909f56bfc062723c751e8b465ee728b)  -> (artifact id: 'b2a52b9455ce2b4e8da7efeb569d4775') in 0.007387 seconds 
========================================================================
Received Import Request.
  Time since last request: 0.692025 seconds.
  path: Assets/Platformer  Pack/Platformer Starter Pack_URP/Prefabs/Environments/Props_1.prefab
  artifactKey: Guid(e898f64f4bb313b4093714a7f5141831) Importer(815301076,1909f56bfc062723c751e8b465ee728b)
Start importing Assets/Platformer  Pack/Platformer Starter Pack_URP/Prefabs/Environments/Props_1.prefab using Guid(e898f64f4bb313b4093714a7f5141831) Importer(815301076,1909f56bfc062723c751e8b465ee728b)  -> (artifact id: '3fdb77944afa7bb50fdaf45c807181ba') in 0.010139 seconds 
========================================================================
Received Import Request.
  Time since last request: 0.666114 seconds.
  path: Assets/Platformer  Pack/Platformer Starter Pack_URP/Prefabs/Environments/Props_5.prefab
  artifactKey: Guid(9c41d981db5f5c14c8a3c97fa7093eaf) Importer(815301076,1909f56bfc062723c751e8b465ee728b)
Start importing Assets/Platformer  Pack/Platformer Starter Pack_URP/Prefabs/Environments/Props_5.prefab using Guid(9c41d981db5f5c14c8a3c97fa7093eaf) Importer(815301076,1909f56bfc062723c751e8b465ee728b)  -> (artifact id: 'b1297a035822029390b1005d93fe6584') in 0.007948 seconds 
========================================================================
Received Import Request.
  Time since last request: 0.754698 seconds.
  path: Assets/Platformer  Pack/Platformer Starter Pack_URP/Prefabs/Environments/Props_7.prefab
  artifactKey: Guid(de3df4a73a200dd4aab4b967d8702018) Importer(815301076,1909f56bfc062723c751e8b465ee728b)
Start importing Assets/Platformer  Pack/Platformer Starter Pack_URP/Prefabs/Environments/Props_7.prefab using Guid(de3df4a73a200dd4aab4b967d8702018) Importer(815301076,1909f56bfc062723c751e8b465ee728b)  -> (artifact id: 'f68a2dbfc7a9122790f662da0c11c8b9') in 0.008053 seconds 
========================================================================
Received Import Request.
  Time since last request: 6.309892 seconds.
  path: Assets/Platformer  Pack/Platformer Starter Pack_URP/Prefabs/Environments/Ground_D1.prefab
  artifactKey: Guid(71f3a5a4e9a4f0c4e987e096c37a96e5) Importer(815301076,1909f56bfc062723c751e8b465ee728b)
Start importing Assets/Platformer  Pack/Platformer Starter Pack_URP/Prefabs/Environments/Ground_D1.prefab using Guid(71f3a5a4e9a4f0c4e987e096c37a96e5) Importer(815301076,1909f56bfc062723c751e8b465ee728b)  -> (artifact id: '26e74bdf66bba1c00c0574dc11bcba8f') in 0.011519 seconds 
========================================================================
Received Import Request.
  Time since last request: 0.616540 seconds.
  path: Assets/Platformer  Pack/Platformer Starter Pack_URP/Prefabs/Environments/Ground_E2.prefab
  artifactKey: Guid(b842aee6341024f4589ba59ff0ddc909) Importer(815301076,1909f56bfc062723c751e8b465ee728b)
Start importing Assets/Platformer  Pack/Platformer Starter Pack_URP/Prefabs/Environments/Ground_E2.prefab using Guid(b842aee6341024f4589ba59ff0ddc909) Importer(815301076,1909f56bfc062723c751e8b465ee728b)  -> (artifact id: 'c68ed4c18015581c27767804b26c9e86') in 0.009752 seconds 
========================================================================
Received Import Request.
  Time since last request: 0.711022 seconds.
  path: Assets/Platformer  Pack/Platformer Starter Pack_URP/Prefabs/Environments/Ground_F.prefab
  artifactKey: Guid(20e0fa8e0cb7c1643895985f8d5b14d9) Importer(815301076,1909f56bfc062723c751e8b465ee728b)
Start importing Assets/Platformer  Pack/Platformer Starter Pack_URP/Prefabs/Environments/Ground_F.prefab using Guid(20e0fa8e0cb7c1643895985f8d5b14d9) Importer(815301076,1909f56bfc062723c751e8b465ee728b)  -> (artifact id: 'a907bcade31d8ea4ec2ba9e314446c1c') in 0.009547 seconds 
========================================================================
Received Import Request.
  Time since last request: 1.159457 seconds.
  path: Assets/Platformer  Pack/Platformer Starter Pack_URP/Prefabs/Environments/Props_3.prefab
  artifactKey: Guid(e1f3eb9b7c62ede409fa1a4d6770ef88) Importer(815301076,1909f56bfc062723c751e8b465ee728b)
Start importing Assets/Platformer  Pack/Platformer Starter Pack_URP/Prefabs/Environments/Props_3.prefab using Guid(e1f3eb9b7c62ede409fa1a4d6770ef88) Importer(815301076,1909f56bfc062723c751e8b465ee728b)  -> (artifact id: '71f01be55fd50898e7e5484e968dbec6') in 0.008021 seconds 
========================================================================
Received Import Request.
  Time since last request: 40.929035 seconds.
  path: Assets/Platformer  Pack/Platformer Starter Pack_URP/Scene/DemoScene.unity
  artifactKey: Guid(c5f4a9658803981469ebe90da3bd7fbf) Importer(815301076,1909f56bfc062723c751e8b465ee728b)
Start importing Assets/Platformer  Pack/Platformer Starter Pack_URP/Scene/DemoScene.unity using Guid(c5f4a9658803981469ebe90da3bd7fbf) Importer(815301076,1909f56bfc062723c751e8b465ee728b)  -> (artifact id: '9d88dccd0501c6a4056494a4c63ef100') in 0.001504 seconds 
========================================================================
Received Import Request.
  Time since last request: 16.645107 seconds.
  path: Assets/TutorialInfo/Layout.wlt
  artifactKey: Guid(96e98bffd05413f489cd9851fc862d1f) Importer(815301076,1909f56bfc062723c751e8b465ee728b)
Start importing Assets/TutorialInfo/Layout.wlt using Guid(96e98bffd05413f489cd9851fc862d1f) Importer(815301076,1909f56bfc062723c751e8b465ee728b)  -> (artifact id: 'db1af0596352b78eefb67f2269614a12') in 0.037028 seconds 
========================================================================
Received Import Request.
  Time since last request: 2.953839 seconds.
  path: Assets/TutorialInfo
  artifactKey: Guid(034b93559619c664583bc87483b771f6) Importer(815301076,1909f56bfc062723c751e8b465ee728b)
Start importing Assets/TutorialInfo using Guid(034b93559619c664583bc87483b771f6) Importer(815301076,1909f56bfc062723c751e8b465ee728b)  -> (artifact id: '8a33b34334832c89077dddf9de40ddb6') in 0.001614 seconds 
========================================================================
Received Import Request.
  Time since last request: 1.631130 seconds.
  path: Assets
  artifactKey: Guid(00000000000000001000000000000000) Importer(815301076,1909f56bfc062723c751e8b465ee728b)
Start importing Assets using Guid(00000000000000001000000000000000) Importer(815301076,1909f56bfc062723c751e8b465ee728b)  -> (artifact id: '79842766b460edbeab6a34051e857a80') in 0.001384 seconds 
========================================================================
Received Import Request.
  Time since last request: 22.601639 seconds.
  path: Assets/Level1.unity
  artifactKey: Guid(3afc08369c3c7444a8f2a81127070717) Importer(815301076,1909f56bfc062723c751e8b465ee728b)
Start importing Assets/Level1.unity using Guid(3afc08369c3c7444a8f2a81127070717) Importer(815301076,1909f56bfc062723c751e8b465ee728b)  -> (artifact id: 'b564374c876975b4e30406f4eb2530c3') in 0.001050 seconds 
========================================================================
Received Prepare
Registering precompiled user dll's ...
Registered in 0.002200 seconds.
Begin MonoManager ReloadAssembly
Thread 0x2805df000 may have been prematurely finalized
Symbol file LoadedFromMemory doesn't match image /Users/metehancelebi/Desktop/SourceTreeMainFolder/FirstPlatformGame/firstPlatformGame/Library/PackageCache/com.unity.visualscripting@1.8.0/Editor/VisualScripting.Core/Dependencies/YamlDotNet/Unity.VisualScripting.YamlDotNet.dll
Symbol file LoadedFromMemory doesn't match image /Users/metehancelebi/Desktop/SourceTreeMainFolder/FirstPlatformGame/firstPlatformGame/Library/PackageCache/com.unity.visualscripting@1.8.0/Editor/VisualScripting.Core/Dependencies/DotNetZip/Unity.VisualScripting.IonicZip.dll
Native extension for iOS target not found
2024-09-13 13:01:14.883 Unity[12408:1483571] [XcodeApplications] Failed to read NSDictionary from path # 7/Contents/Info.plist
Native extension for Android target not found
Native extension for OSXStandalone target not found
Refreshing native plugins compatible for Editor in 1.95 ms, found 2 plugins.
Preloading 0 native plugins for Editor in 0.00 ms.
Mono: successfully reloaded assembly
- Completed reload, in  1.620 seconds
Domain Reload Profiling:
	ReloadAssembly (1621ms)
		BeginReloadAssembly (115ms)
			ExecutionOrderSort (0ms)
			DisableScriptedObjects (4ms)
			BackupInstance (0ms)
			ReleaseScriptingObjects (0ms)
			CreateAndSetChildDomain (51ms)
		EndReloadAssembly (1417ms)
			LoadAssemblies (51ms)
			RebuildTransferFunctionScriptingTraits (0ms)
			SetupTypeCache (408ms)
			ReleaseScriptCaches (2ms)
			RebuildScriptCaches (108ms)
			SetupLoadedEditorAssemblies (641ms)
				LogAssemblyErrors (0ms)
				InitializePlatformSupportModulesInManaged (56ms)
				SetLoadedEditorAssemblies (1ms)
				RefreshPlugins (2ms)
				BeforeProcessingInitializeOnLoad (125ms)
				ProcessInitializeOnLoadAttributes (398ms)
				ProcessInitializeOnLoadMethodAttributes (56ms)
				AfterProcessingInitializeOnLoad (3ms)
				EditorAssembliesLoaded (0ms)
			ExecutionOrderSort2 (0ms)
			AwakeInstancesAfterBackupRestoration (10ms)
Platform modules already initialized, skipping
Refreshing native plugins compatible for Editor in 3.95 ms, found 2 plugins.
Preloading 0 native plugins for Editor in 0.00 ms.
Unloading 3485 Unused Serialized files (Serialized files now loaded: 0)
Unloading 32 unused Assets / (23.1 KB). Loaded Objects now: 4013.
Memory consumption went from 137.4 MB to 137.3 MB.
Total: 7.952416 ms (FindLiveObjects: 0.458917 ms CreateObjectMapping: 0.188500 ms MarkObjects: 7.259792 ms  DeleteObjects: 0.043833 ms)

AssetImportParameters requested are different than current active one (requested -> active):
  custom:video-decoder-ogg-theora: a1e56fd34408186e4bbccfd4996cb3dc -> 
  custom:container-muxer-webm: aa71ff27fc2769a1b78a27578f13a17b -> 
  custom:container-demuxer-webm: 4f35f7cbe854078d1ac9338744f61a02 -> 
  custom:video-encoder-webm-vp8: eb34c28f22e8b96e1ab97ce403110664 -> 
  custom:framework-osx-AVFoundation: e770b220cccbd017edd2c1fefb359320 -> 
  custom:audio-encoder-webm-vorbis: bf7c407c2cedff20999df2af8eb42d56 -> 
  custom:container-demuxer-ogg: 62fdf1f143b41e24485cea50d1cbac27 -> 
  custom:video-decoder-webm-vp8: 9c59270c3fd7afecdb556c50c9e8de78 -> 
  custom:audio-decoder-ogg-vorbis: bf7c407c2cedff20999df2af8eb42d56 -> 
